<?xml version="1.0" encoding="UTF-8"?>
<testsuite name="com.sunhkim.book.springboot.web.dto.HelloResponseDtoTest" tests="1" skipped="0" failures="0" errors="0" timestamp="2021-02-21T11:54:28" hostname="iMac.local" time="0.029">
  <properties/>
  <testcase name="롬복_기능_테스트" classname="com.sunhkim.book.springboot.web.dto.HelloResponseDtoTest" time="0.029"/>
  <system-out><![CDATA[]]></system-out>
  <system-err><![CDATA[]]></system-err>
</testsuite>
