<?xml version="1.0" encoding="UTF-8"?>
<testsuite name="com.sunhkim.book.springboot.web.HelloControllerTest" tests="2" skipped="0" failures="0" errors="0" timestamp="2021-02-21T11:54:28" hostname="iMac.local" time="0.324">
  <properties/>
  <testcase name="hello가_리턴된다" classname="com.sunhkim.book.springboot.web.HelloControllerTest" time="0.28"/>
  <testcase name="helloDto가_리턴된다" classname="com.sunhkim.book.springboot.web.HelloControllerTest" time="0.043"/>
  <system-out><![CDATA[20:54:26.595 [Test worker] DEBUG org.springframework.test.context.junit4.SpringJUnit4ClassRunner - SpringJUnit4ClassRunner constructor called with [class com.sunhkim.book.springboot.web.HelloControllerTest]
20:54:26.601 [Test worker] DEBUG org.springframework.test.context.BootstrapUtils - Instantiating CacheAwareContextLoaderDelegate from class [org.springframework.test.context.cache.DefaultCacheAwareContextLoaderDelegate]
20:54:26.607 [Test worker] DEBUG org.springframework.test.context.BootstrapUtils - Instantiating BootstrapContext using constructor [public org.springframework.test.context.support.DefaultBootstrapContext(java.lang.Class,org.springframework.test.context.CacheAwareContextLoaderDelegate)]
20:54:26.621 [Test worker] DEBUG org.springframework.test.context.BootstrapUtils - Instantiating TestContextBootstrapper for test class [com.sunhkim.book.springboot.web.HelloControllerTest] from class [org.springframework.boot.test.autoconfigure.web.servlet.WebMvcTestContextBootstrapper]
20:54:26.638 [Test worker] INFO org.springframework.boot.test.autoconfigure.web.servlet.WebMvcTestContextBootstrapper - Neither @ContextConfiguration nor @ContextHierarchy found for test class [com.sunhkim.book.springboot.web.HelloControllerTest], using SpringBootContextLoader
20:54:26.640 [Test worker] DEBUG org.springframework.test.context.support.AbstractContextLoader - Did not detect default resource location for test class [com.sunhkim.book.springboot.web.HelloControllerTest]: class path resource [com/sunhkim/book/springboot/web/HelloControllerTest-context.xml] does not exist
20:54:26.641 [Test worker] DEBUG org.springframework.test.context.support.AbstractContextLoader - Did not detect default resource location for test class [com.sunhkim.book.springboot.web.HelloControllerTest]: class path resource [com/sunhkim/book/springboot/web/HelloControllerTestContext.groovy] does not exist
20:54:26.641 [Test worker] INFO org.springframework.test.context.support.AbstractContextLoader - Could not detect default resource locations for test class [com.sunhkim.book.springboot.web.HelloControllerTest]: no resource found for suffixes {-context.xml, Context.groovy}.
20:54:26.642 [Test worker] INFO org.springframework.test.context.support.AnnotationConfigContextLoaderUtils - Could not detect default configuration classes for test class [com.sunhkim.book.springboot.web.HelloControllerTest]: HelloControllerTest does not declare any static, non-private, non-final, nested classes annotated with @Configuration.
20:54:26.692 [Test worker] DEBUG org.springframework.test.context.support.ActiveProfilesUtils - Could not find an 'annotation declaring class' for annotation type [org.springframework.test.context.ActiveProfiles] and class [com.sunhkim.book.springboot.web.HelloControllerTest]
20:54:26.738 [Test worker] DEBUG org.springframework.context.annotation.ClassPathScanningCandidateComponentProvider - Identified candidate component class: file [/Users/sunhkim/Documents/springboot-webservice/build/classes/java/main/com/sunhkim/book/springboot/Application.class]
20:54:26.739 [Test worker] INFO org.springframework.boot.test.context.SpringBootTestContextBootstrapper - Found @SpringBootConfiguration com.sunhkim.book.springboot.Application for test class com.sunhkim.book.springboot.web.HelloControllerTest
20:54:26.740 [Test worker] DEBUG org.springframework.boot.test.autoconfigure.web.servlet.WebMvcTestContextBootstrapper - @TestExecutionListeners is not present for class [com.sunhkim.book.springboot.web.HelloControllerTest]: using defaults.
20:54:26.741 [Test worker] INFO org.springframework.boot.test.autoconfigure.web.servlet.WebMvcTestContextBootstrapper - Loaded default TestExecutionListener class names from location [META-INF/spring.factories]: [org.springframework.security.test.context.support.WithSecurityContextTestExecutionListener, org.springframework.security.test.context.support.ReactorContextTestExecutionListener, org.springframework.boot.test.autoconfigure.restdocs.RestDocsTestExecutionListener, org.springframework.boot.test.autoconfigure.web.client.MockRestServiceServerResetTestExecutionListener, org.springframework.boot.test.autoconfigure.web.servlet.MockMvcPrintOnlyOnFailureTestExecutionListener, org.springframework.boot.test.autoconfigure.web.servlet.WebDriverTestExecutionListener, org.springframework.boot.test.mock.mockito.MockitoTestExecutionListener, org.springframework.boot.test.mock.mockito.ResetMocksTestExecutionListener, org.springframework.test.context.web.ServletTestExecutionListener, org.springframework.test.context.support.DirtiesContextBeforeModesTestExecutionListener, org.springframework.test.context.support.DependencyInjectionTestExecutionListener, org.springframework.test.context.support.DirtiesContextTestExecutionListener, org.springframework.test.context.transaction.TransactionalTestExecutionListener, org.springframework.test.context.jdbc.SqlScriptsTestExecutionListener]
20:54:26.756 [Test worker] INFO org.springframework.boot.test.autoconfigure.web.servlet.WebMvcTestContextBootstrapper - Using TestExecutionListeners: [org.springframework.test.context.web.ServletTestExecutionListener@4d09b9d8, org.springframework.test.context.support.DirtiesContextBeforeModesTestExecutionListener@9a17af0, org.springframework.boot.test.mock.mockito.MockitoTestExecutionListener@47b0ca7e, org.springframework.boot.test.autoconfigure.SpringBootDependencyInjectionTestExecutionListener@3c61770d, org.springframework.test.context.support.DirtiesContextTestExecutionListener@3c26de20, org.springframework.test.context.transaction.TransactionalTestExecutionListener@3ed255ae, org.springframework.test.context.jdbc.SqlScriptsTestExecutionListener@7ff09b30, org.springframework.security.test.context.support.WithSecurityContextTestExecutionListener@489e52dc, org.springframework.security.test.context.support.ReactorContextTestExecutionListener@42434231, org.springframework.boot.test.autoconfigure.restdocs.RestDocsTestExecutionListener@6e1000f2, org.springframework.boot.test.autoconfigure.web.client.MockRestServiceServerResetTestExecutionListener@15c22f1b, org.springframework.boot.test.autoconfigure.web.servlet.MockMvcPrintOnlyOnFailureTestExecutionListener@2ff097cd, org.springframework.boot.test.autoconfigure.web.servlet.WebDriverTestExecutionListener@777a0ac8, org.springframework.boot.test.mock.mockito.ResetMocksTestExecutionListener@19039345]
20:54:26.758 [Test worker] DEBUG org.springframework.test.annotation.ProfileValueUtils - Retrieved @ProfileValueSourceConfiguration [null] for test class [com.sunhkim.book.springboot.web.HelloControllerTest]
20:54:26.759 [Test worker] DEBUG org.springframework.test.annotation.ProfileValueUtils - Retrieved ProfileValueSource type [class org.springframework.test.annotation.SystemProfileValueSource] for class [com.sunhkim.book.springboot.web.HelloControllerTest]
20:54:26.759 [Test worker] DEBUG org.springframework.test.annotation.ProfileValueUtils - Retrieved @ProfileValueSourceConfiguration [null] for test class [com.sunhkim.book.springboot.web.HelloControllerTest]
20:54:26.759 [Test worker] DEBUG org.springframework.test.annotation.ProfileValueUtils - Retrieved ProfileValueSource type [class org.springframework.test.annotation.SystemProfileValueSource] for class [com.sunhkim.book.springboot.web.HelloControllerTest]
20:54:26.763 [Test worker] DEBUG org.springframework.test.context.support.AbstractDirtiesContextTestExecutionListener - Before test class: context [DefaultTestContext@6d4650cb testClass = HelloControllerTest, testInstance = [null], testMethod = [null], testException = [null], mergedContextConfiguration = [WebMergedContextConfiguration@345609e6 testClass = HelloControllerTest, locations = '{}', classes = '{class com.sunhkim.book.springboot.Application}', contextInitializerClasses = '[]', activeProfiles = '{}', propertySourceLocations = '{}', propertySourceProperties = '{org.springframework.boot.test.autoconfigure.web.servlet.WebMvcTestContextBootstrapper=true}', contextCustomizers = set[org.springframework.boot.test.autoconfigure.OverrideAutoConfigurationContextCustomizerFactory$DisableAutoConfigurationContextCustomizer@6c568567, org.springframework.boot.test.autoconfigure.filter.TypeExcludeFiltersContextCustomizer@4ac68c5a, org.springframework.boot.test.autoconfigure.properties.PropertyMappingContextCustomizer@bbb044fb, org.springframework.boot.test.autoconfigure.web.servlet.WebDriverContextCustomizerFactory$Customizer@1bcf0ff9, [ImportsContextCustomizer@36a2dbde key = [org.springframework.boot.autoconfigure.cache.CacheAutoConfiguration, org.springframework.boot.autoconfigure.context.MessageSourceAutoConfiguration, org.springframework.boot.autoconfigure.data.web.SpringDataWebAutoConfiguration, org.springframework.boot.autoconfigure.freemarker.FreeMarkerAutoConfiguration, org.springframework.boot.autoconfigure.groovy.template.GroovyTemplateAutoConfiguration, org.springframework.boot.autoconfigure.gson.GsonAutoConfiguration, org.springframework.boot.autoconfigure.hateoas.HypermediaAutoConfiguration, org.springframework.boot.autoconfigure.http.HttpMessageConvertersAutoConfiguration, org.springframework.boot.autoconfigure.jackson.JacksonAutoConfiguration, org.springframework.boot.autoconfigure.jsonb.JsonbAutoConfiguration, org.springframework.boot.autoconfigure.mustache.MustacheAutoConfiguration, org.springframework.boot.autoconfigure.task.TaskExecutionAutoConfiguration, org.springframework.boot.autoconfigure.thymeleaf.ThymeleafAutoConfiguration, org.springframework.boot.autoconfigure.validation.ValidationAutoConfiguration, org.springframework.boot.autoconfigure.web.servlet.error.ErrorMvcAutoConfiguration, org.springframework.boot.autoconfigure.web.servlet.WebMvcAutoConfiguration, org.springframework.boot.test.autoconfigure.web.servlet.MockMvcAutoConfiguration, org.springframework.boot.test.autoconfigure.web.servlet.MockMvcSecurityAutoConfiguration, org.springframework.boot.test.autoconfigure.web.servlet.MockMvcWebClientAutoConfiguration, org.springframework.boot.test.autoconfigure.web.servlet.MockMvcWebDriverAutoConfiguration]], org.springframework.boot.test.context.filter.ExcludeFilterContextCustomizer@42ec40e0, org.springframework.boot.test.json.DuplicateJsonObjectContextCustomizerFactory$DuplicateJsonObjectContextCustomizer@6dd2fa74, org.springframework.boot.test.mock.mockito.MockitoContextCustomizer@0], resourceBasePath = 'src/main/webapp', contextLoader = 'org.springframework.boot.test.context.SpringBootContextLoader', parent = [null]], attributes = map[[empty]]], class annotated with @DirtiesContext [false] with mode [null].
20:54:26.764 [Test worker] DEBUG org.springframework.test.annotation.ProfileValueUtils - Retrieved @ProfileValueSourceConfiguration [null] for test class [com.sunhkim.book.springboot.web.HelloControllerTest]
20:54:26.764 [Test worker] DEBUG org.springframework.test.annotation.ProfileValueUtils - Retrieved ProfileValueSource type [class org.springframework.test.annotation.SystemProfileValueSource] for class [com.sunhkim.book.springboot.web.HelloControllerTest]
20:54:26.768 [Test worker] DEBUG org.springframework.test.context.support.DependencyInjectionTestExecutionListener - Performing dependency injection for test context [[DefaultTestContext@6d4650cb testClass = HelloControllerTest, testInstance = com.sunhkim.book.springboot.web.HelloControllerTest@757711bb, testMethod = [null], testException = [null], mergedContextConfiguration = [WebMergedContextConfiguration@345609e6 testClass = HelloControllerTest, locations = '{}', classes = '{class com.sunhkim.book.springboot.Application}', contextInitializerClasses = '[]', activeProfiles = '{}', propertySourceLocations = '{}', propertySourceProperties = '{org.springframework.boot.test.autoconfigure.web.servlet.WebMvcTestContextBootstrapper=true}', contextCustomizers = set[org.springframework.boot.test.autoconfigure.OverrideAutoConfigurationContextCustomizerFactory$DisableAutoConfigurationContextCustomizer@6c568567, org.springframework.boot.test.autoconfigure.filter.TypeExcludeFiltersContextCustomizer@4ac68c5a, org.springframework.boot.test.autoconfigure.properties.PropertyMappingContextCustomizer@bbb044fb, org.springframework.boot.test.autoconfigure.web.servlet.WebDriverContextCustomizerFactory$Customizer@1bcf0ff9, [ImportsContextCustomizer@36a2dbde key = [org.springframework.boot.autoconfigure.cache.CacheAutoConfiguration, org.springframework.boot.autoconfigure.context.MessageSourceAutoConfiguration, org.springframework.boot.autoconfigure.data.web.SpringDataWebAutoConfiguration, org.springframework.boot.autoconfigure.freemarker.FreeMarkerAutoConfiguration, org.springframework.boot.autoconfigure.groovy.template.GroovyTemplateAutoConfiguration, org.springframework.boot.autoconfigure.gson.GsonAutoConfiguration, org.springframework.boot.autoconfigure.hateoas.HypermediaAutoConfiguration, org.springframework.boot.autoconfigure.http.HttpMessageConvertersAutoConfiguration, org.springframework.boot.autoconfigure.jackson.JacksonAutoConfiguration, org.springframework.boot.autoconfigure.jsonb.JsonbAutoConfiguration, org.springframework.boot.autoconfigure.mustache.MustacheAutoConfiguration, org.springframework.boot.autoconfigure.task.TaskExecutionAutoConfiguration, org.springframework.boot.autoconfigure.thymeleaf.ThymeleafAutoConfiguration, org.springframework.boot.autoconfigure.validation.ValidationAutoConfiguration, org.springframework.boot.autoconfigure.web.servlet.error.ErrorMvcAutoConfiguration, org.springframework.boot.autoconfigure.web.servlet.WebMvcAutoConfiguration, org.springframework.boot.test.autoconfigure.web.servlet.MockMvcAutoConfiguration, org.springframework.boot.test.autoconfigure.web.servlet.MockMvcSecurityAutoConfiguration, org.springframework.boot.test.autoconfigure.web.servlet.MockMvcWebClientAutoConfiguration, org.springframework.boot.test.autoconfigure.web.servlet.MockMvcWebDriverAutoConfiguration]], org.springframework.boot.test.context.filter.ExcludeFilterContextCustomizer@42ec40e0, org.springframework.boot.test.json.DuplicateJsonObjectContextCustomizerFactory$DuplicateJsonObjectContextCustomizer@6dd2fa74, org.springframework.boot.test.mock.mockito.MockitoContextCustomizer@0], resourceBasePath = 'src/main/webapp', contextLoader = 'org.springframework.boot.test.context.SpringBootContextLoader', parent = [null]], attributes = map[[empty]]]].
20:54:26.840 [Test worker] DEBUG org.springframework.test.context.support.TestPropertySourceUtils - Adding inlined properties to environment: {spring.jmx.enabled=false, org.springframework.boot.test.autoconfigure.web.servlet.WebMvcTestContextBootstrapper=true, server.port=-1}

  .   ____          _            __ _ _
 /\\ / ___'_ __ _ _(_)_ __  __ _ \ \ \ \
( ( )\___ | '_ | '_| | '_ \/ _` | \ \ \ \
 \\/  ___)| |_)| | | | | || (_| |  ) ) ) )
  '  |____| .__|_| |_|_| |_\__, | / / / /
 =========|_|==============|___/=/_/_/_/
 :: Spring Boot ::        (v2.1.9.RELEASE)

2021-02-21 20:54:27.156  INFO 3039 --- [    Test worker] c.s.b.s.web.HelloControllerTest          : Starting HelloControllerTest on iMac.local with PID 3039 (started by sunhkim in /Users/sunhkim/Documents/springboot-webservice)
2021-02-21 20:54:27.158  INFO 3039 --- [    Test worker] c.s.b.s.web.HelloControllerTest          : No active profile set, falling back to default profiles: default
2021-02-21 20:54:28.043  INFO 3039 --- [    Test worker] o.s.s.concurrent.ThreadPoolTaskExecutor  : Initializing ExecutorService 'applicationTaskExecutor'
2021-02-21 20:54:28.105  INFO 3039 --- [    Test worker] o.s.b.a.w.s.WelcomePageHandlerMapping    : Adding welcome page template: index
2021-02-21 20:54:28.279  INFO 3039 --- [    Test worker] .s.s.UserDetailsServiceAutoConfiguration : 

Using generated security password: 1a3bfb06-89fe-4648-8115-9b3e99e12664

2021-02-21 20:54:28.391  INFO 3039 --- [    Test worker] o.s.s.web.DefaultSecurityFilterChain     : Creating filter chain: any request, [org.springframework.security.web.context.request.async.WebAsyncManagerIntegrationFilter@4e2107dd, org.springframework.security.web.context.SecurityContextPersistenceFilter@48a01590, org.springframework.security.web.header.HeaderWriterFilter@3ec660a, org.springframework.security.web.csrf.CsrfFilter@28bd36dc, org.springframework.security.web.authentication.logout.LogoutFilter@62eaac23, org.springframework.security.web.authentication.UsernamePasswordAuthenticationFilter@118d8cc2, org.springframework.security.web.authentication.ui.DefaultLoginPageGeneratingFilter@34728a67, org.springframework.security.web.authentication.ui.DefaultLogoutPageGeneratingFilter@321f5b64, org.springframework.security.web.authentication.www.BasicAuthenticationFilter@267ff52f, org.springframework.security.web.savedrequest.RequestCacheAwareFilter@7a15efcc, org.springframework.security.web.servletapi.SecurityContextHolderAwareRequestFilter@703c428d, org.springframework.security.web.authentication.AnonymousAuthenticationFilter@6de2cd02, org.springframework.security.web.session.SessionManagementFilter@128926c8, org.springframework.security.web.access.ExceptionTranslationFilter@1618a2dd, org.springframework.security.web.access.intercept.FilterSecurityInterceptor@1a38781]
2021-02-21 20:54:28.416  INFO 3039 --- [    Test worker] o.s.b.t.m.w.SpringBootMockServletContext : Initializing Spring TestDispatcherServlet ''
2021-02-21 20:54:28.416  INFO 3039 --- [    Test worker] o.s.t.web.servlet.TestDispatcherServlet  : Initializing Servlet ''
2021-02-21 20:54:28.424  INFO 3039 --- [    Test worker] o.s.t.web.servlet.TestDispatcherServlet  : Completed initialization in 8 ms
2021-02-21 20:54:28.451  INFO 3039 --- [    Test worker] c.s.b.s.web.HelloControllerTest          : Started HelloControllerTest in 1.604 seconds (JVM running for 2.298)
]]></system-out>
  <system-err><![CDATA[]]></system-err>
</testsuite>
