<?xml version="1.0" encoding="UTF-8"?>
<testsuite name="com.sunhkim.book.springboot.domain.posts.PostsRepositoryTest" tests="2" skipped="0" failures="0" errors="0" timestamp="2021-02-21T11:54:32" hostname="iMac.local" time="0.023">
  <properties/>
  <testcase name="게시글저장_불러오기" classname="com.sunhkim.book.springboot.domain.posts.PostsRepositoryTest" time="0.016"/>
  <testcase name="BaseTimeEntity_등록" classname="com.sunhkim.book.springboot.domain.posts.PostsRepositoryTest" time="0.007"/>
  <system-out><![CDATA[2021-02-21 20:54:31.799  INFO 3039 --- [    Test worker] .b.t.c.SpringBootTestContextBootstrapper : Neither @ContextConfiguration nor @ContextHierarchy found for test class [com.sunhkim.book.springboot.domain.posts.PostsRepositoryTest], using SpringBootContextLoader
2021-02-21 20:54:31.799  INFO 3039 --- [    Test worker] o.s.t.c.support.AbstractContextLoader    : Could not detect default resource locations for test class [com.sunhkim.book.springboot.domain.posts.PostsRepositoryTest]: no resource found for suffixes {-context.xml, Context.groovy}.
2021-02-21 20:54:31.799  INFO 3039 --- [    Test worker] t.c.s.AnnotationConfigContextLoaderUtils : Could not detect default configuration classes for test class [com.sunhkim.book.springboot.domain.posts.PostsRepositoryTest]: PostsRepositoryTest does not declare any static, non-private, non-final, nested classes annotated with @Configuration.
2021-02-21 20:54:31.803  INFO 3039 --- [    Test worker] .b.t.c.SpringBootTestContextBootstrapper : Found @SpringBootConfiguration com.sunhkim.book.springboot.Application for test class com.sunhkim.book.springboot.domain.posts.PostsRepositoryTest
2021-02-21 20:54:31.804  INFO 3039 --- [    Test worker] .b.t.c.SpringBootTestContextBootstrapper : Loaded default TestExecutionListener class names from location [META-INF/spring.factories]: [org.springframework.security.test.context.support.WithSecurityContextTestExecutionListener, org.springframework.security.test.context.support.ReactorContextTestExecutionListener, org.springframework.boot.test.autoconfigure.restdocs.RestDocsTestExecutionListener, org.springframework.boot.test.autoconfigure.web.client.MockRestServiceServerResetTestExecutionListener, org.springframework.boot.test.autoconfigure.web.servlet.MockMvcPrintOnlyOnFailureTestExecutionListener, org.springframework.boot.test.autoconfigure.web.servlet.WebDriverTestExecutionListener, org.springframework.boot.test.mock.mockito.MockitoTestExecutionListener, org.springframework.boot.test.mock.mockito.ResetMocksTestExecutionListener, org.springframework.test.context.web.ServletTestExecutionListener, org.springframework.test.context.support.DirtiesContextBeforeModesTestExecutionListener, org.springframework.test.context.support.DependencyInjectionTestExecutionListener, org.springframework.test.context.support.DirtiesContextTestExecutionListener, org.springframework.test.context.transaction.TransactionalTestExecutionListener, org.springframework.test.context.jdbc.SqlScriptsTestExecutionListener]
2021-02-21 20:54:31.804  INFO 3039 --- [    Test worker] .b.t.c.SpringBootTestContextBootstrapper : Using TestExecutionListeners: [org.springframework.test.context.web.ServletTestExecutionListener@7a4898b1, org.springframework.test.context.support.DirtiesContextBeforeModesTestExecutionListener@49665dbe, org.springframework.boot.test.mock.mockito.MockitoTestExecutionListener@22e2dda2, org.springframework.boot.test.autoconfigure.SpringBootDependencyInjectionTestExecutionListener@41e35e7, org.springframework.test.context.support.DirtiesContextTestExecutionListener@3a2db8c5, org.springframework.test.context.transaction.TransactionalTestExecutionListener@41dd9993, org.springframework.test.context.jdbc.SqlScriptsTestExecutionListener@75e653c7, org.springframework.security.test.context.support.WithSecurityContextTestExecutionListener@22e191, org.springframework.security.test.context.support.ReactorContextTestExecutionListener@579e9ac0, org.springframework.boot.test.autoconfigure.restdocs.RestDocsTestExecutionListener@7a2280a1, org.springframework.boot.test.autoconfigure.web.client.MockRestServiceServerResetTestExecutionListener@3d1d8c49, org.springframework.boot.test.autoconfigure.web.servlet.MockMvcPrintOnlyOnFailureTestExecutionListener@2a24dc12, org.springframework.boot.test.autoconfigure.web.servlet.WebDriverTestExecutionListener@9cf1b0c, org.springframework.boot.test.mock.mockito.ResetMocksTestExecutionListener@6706b51c]

  .   ____          _            __ _ _
 /\\ / ___'_ __ _ _(_)_ __  __ _ \ \ \ \
( ( )\___ | '_ | '_| | '_ \/ _` | \ \ \ \
 \\/  ___)| |_)| | | | | || (_| |  ) ) ) )
  '  |____| .__|_| |_|_| |_\__, | / / / /
 =========|_|==============|___/=/_/_/_/
 :: Spring Boot ::        (v2.1.9.RELEASE)

2021-02-21 20:54:31.820  INFO 3039 --- [    Test worker] c.s.b.s.d.posts.PostsRepositoryTest      : Starting PostsRepositoryTest on iMac.local with PID 3039 (started by sunhkim in /Users/sunhkim/Documents/springboot-webservice)
2021-02-21 20:54:31.820  INFO 3039 --- [    Test worker] c.s.b.s.d.posts.PostsRepositoryTest      : No active profile set, falling back to default profiles: default
2021-02-21 20:54:31.916  INFO 3039 --- [    Test worker] .s.d.r.c.RepositoryConfigurationDelegate : Bootstrapping Spring Data repositories in DEFAULT mode.
2021-02-21 20:54:31.925  INFO 3039 --- [    Test worker] .s.d.r.c.RepositoryConfigurationDelegate : Finished Spring Data repository scanning in 9ms. Found 2 repository interfaces.
2021-02-21 20:54:31.973  INFO 3039 --- [    Test worker] trationDelegate$BeanPostProcessorChecker : Bean 'org.springframework.transaction.annotation.ProxyTransactionManagementConfiguration' of type [org.springframework.transaction.annotation.ProxyTransactionManagementConfiguration$$EnhancerBySpringCGLIB$$7ba4059c] is not eligible for getting processed by all BeanPostProcessors (for example: not eligible for auto-proxying)
2021-02-21 20:54:32.017  INFO 3039 --- [    Test worker] com.zaxxer.hikari.HikariDataSource       : HikariPool-2 - Starting...
2021-02-21 20:54:32.018  INFO 3039 --- [    Test worker] com.zaxxer.hikari.HikariDataSource       : HikariPool-2 - Start completed.
2021-02-21 20:54:32.029  INFO 3039 --- [    Test worker] o.hibernate.jpa.internal.util.LogHelper  : HHH000204: Processing PersistenceUnitInfo [
	name: default
	...]
2021-02-21 20:54:32.033  INFO 3039 --- [    Test worker] org.hibernate.dialect.Dialect            : HHH000400: Using dialect: org.hibernate.dialect.MySQL5InnoDBDialect
Hibernate: drop table if exists posts
Hibernate: drop table if exists user
Hibernate: create table posts (id bigint not null auto_increment, created_date datetime, modified_date datetime, author varchar(255), content TEXT not null, title varchar(500) not null, primary key (id)) engine=InnoDB
Hibernate: create table user (id bigint not null auto_increment, created_date datetime, modified_date datetime, email varchar(255) not null, name varchar(255) not null, picture varchar(255), role varchar(255) not null, primary key (id)) engine=InnoDB
2021-02-21 20:54:32.063  INFO 3039 --- [    Test worker] o.h.t.schema.internal.SchemaCreatorImpl  : HHH000476: Executing import script 'org.hibernate.tool.schema.internal.exec.ScriptSourceInputNonExistentImpl@6b74751e'
2021-02-21 20:54:32.064  INFO 3039 --- [    Test worker] j.LocalContainerEntityManagerFactoryBean : Initialized JPA EntityManagerFactory for persistence unit 'default'
2021-02-21 20:54:32.149  INFO 3039 --- [    Test worker] o.h.h.i.QueryTranslatorFactoryInitiator  : HHH000397: Using ASTQueryTranslatorFactory
2021-02-21 20:54:32.210  INFO 3039 --- [    Test worker] o.s.s.web.DefaultSecurityFilterChain     : Creating filter chain: any request, [org.springframework.security.web.context.request.async.WebAsyncManagerIntegrationFilter@1e77c31f, org.springframework.security.web.context.SecurityContextPersistenceFilter@f8d2c8a, org.springframework.security.web.header.HeaderWriterFilter@756c03c1, org.springframework.security.web.authentication.logout.LogoutFilter@240b5dae, org.springframework.security.oauth2.client.web.OAuth2AuthorizationRequestRedirectFilter@46e8c8b, org.springframework.security.oauth2.client.web.OAuth2LoginAuthenticationFilter@2553dcef, org.springframework.security.web.authentication.ui.DefaultLoginPageGeneratingFilter@4284d008, org.springframework.security.web.authentication.ui.DefaultLogoutPageGeneratingFilter@4dd56c36, org.springframework.security.web.savedrequest.RequestCacheAwareFilter@34c36ba6, org.springframework.security.web.servletapi.SecurityContextHolderAwareRequestFilter@212414f4, org.springframework.security.web.authentication.AnonymousAuthenticationFilter@3d2fbbd3, org.springframework.security.web.session.SessionManagementFilter@99d4bcb, org.springframework.security.web.access.ExceptionTranslationFilter@696a43ee, org.springframework.security.web.access.intercept.FilterSecurityInterceptor@379c8dba]
2021-02-21 20:54:32.330  INFO 3039 --- [    Test worker] o.s.s.concurrent.ThreadPoolTaskExecutor  : Initializing ExecutorService 'applicationTaskExecutor'
2021-02-21 20:54:32.337  WARN 3039 --- [    Test worker] aWebConfiguration$JpaWebMvcConfiguration : spring.jpa.open-in-view is enabled by default. Therefore, database queries may be performed during view rendering. Explicitly configure spring.jpa.open-in-view to disable this warning
2021-02-21 20:54:32.351  INFO 3039 --- [    Test worker] o.s.b.a.w.s.WelcomePageHandlerMapping    : Adding welcome page template: index
2021-02-21 20:54:32.504  INFO 3039 --- [    Test worker] s.a.ScheduledAnnotationBeanPostProcessor : No TaskScheduler/ScheduledExecutorService bean found for scheduled processing
2021-02-21 20:54:32.505  INFO 3039 --- [    Test worker] c.s.b.s.d.posts.PostsRepositoryTest      : Started PostsRepositoryTest in 0.699 seconds (JVM running for 6.352)
Hibernate: insert into posts (created_date, modified_date, author, content, title) values (?, ?, ?, ?, ?)
Hibernate: select posts0_.id as id1_0_, posts0_.created_date as created_2_0_, posts0_.modified_date as modified3_0_, posts0_.author as author4_0_, posts0_.content as content5_0_, posts0_.title as title6_0_ from posts posts0_
Hibernate: select posts0_.id as id1_0_, posts0_.created_date as created_2_0_, posts0_.modified_date as modified3_0_, posts0_.author as author4_0_, posts0_.content as content5_0_, posts0_.title as title6_0_ from posts posts0_
Hibernate: delete from posts where id=?
Hibernate: insert into posts (created_date, modified_date, author, content, title) values (?, ?, ?, ?, ?)
Hibernate: select posts0_.id as id1_0_, posts0_.created_date as created_2_0_, posts0_.modified_date as modified3_0_, posts0_.author as author4_0_, posts0_.content as content5_0_, posts0_.title as title6_0_ from posts posts0_
>>>>>>>>> createDate=2021-02-21T20:54:32.526860, modifiedDate=2021-02-21T20:54:32.526860
Hibernate: select posts0_.id as id1_0_, posts0_.created_date as created_2_0_, posts0_.modified_date as modified3_0_, posts0_.author as author4_0_, posts0_.content as content5_0_, posts0_.title as title6_0_ from posts posts0_
Hibernate: delete from posts where id=?
]]></system-out>
  <system-err><![CDATA[]]></system-err>
</testsuite>
